/lib64/ld-linux-x86-64.so.2
/fV-
tK/g
fff.
AUATUS
ffff.
AWE1
AVE1
AUE1
ATE1
T$ H
t$(I
tI~w
t$ H
D$ H
D$@H
T$8H
D$XH
D$`H
T$PH
D$Hf
T$0f
H9Sx
D$(A
T$ H
t$01
3D$(
t$8D
T$8H
|$ H
T$HH
t$8D
D$(H
|$(%
t$@D
L$PL
D$XH
H9Sp
t$8D
ffff.
D$HH
L$0L
D$8L
D$8H
L$0H
|$ L
D$HH
L$(H
\$XH
l$`L
d$hL
l$pL
t$xL
D$HH
\$XH
d$hL
l$p1
t$xL
\$XH
l$`L
d$hL
t$xL
\$XH
l$`L
l$pL
t$x1
L$0H
L$0L
L$0L
D$8H
L$0L
D$8L
L$0L
L$@H
L$ H
D$@L
L$HI
D$ H
ZxH9Yxr
ffff.
NxH9
NpH9J
fff.
fff.
l$ H
nptw
l$ H
t$,A
T$HH
AUATI
H9W8L
[]A\A]
w8w!H
A\A]
I9D$pt`
I9D$xu
AWAVAUATUSH
t$HH
L$(H
L$(f
D$N@
L$(H
L$(H
L+<$H
D$@f
CH u
L$ I
L$PH
T$@I
D$(H
t$@H
C L9
D$0L
{0L+<$
D$(f
D$0I
T$XI
D$(H
|$0H
t$(f
t$(f
t$(f
[]A\A]A^A_
t$(H
t$(1
t$(H
H+H0H
H+H0H
$H9S0u
t$(H
T$(f
D$N@
t$(1
t$(f
D$(H
D$PH=ii
L$(f
t$ H
CI u)A
ffffff.
fff.
GI u
D$lf
T$XH
@tmH
H9Sptc
D$(M
EI M
D$XH
D$@H
t,H9
l$XH
D$0I
T$`H
l$HA
D$pH
<$sIeRA
D$pL
AWAVAUATI
D$ H
8[]A\A]A^A_
D$(L
l$(M
H9W 
t)H9
fffff.
AWAVI
AUE1
ATUH
[]A\A]A^A_
fff.
fff.
sIzG
ATUH
'L;g
[]A\
fff.
ATUH
'L;g
t$ H
fffff.
ATUH
[]A\
fff.
T$0H
I;\$
AWAVAUATUH
>L;~
[]A\A]A^A_
D$(H
D$0H
D$8H
D$@H
D$HH
fff.
d$ H
fffff.
l$ L
d$(L
l$0H
l$ L
d$(L
l$0L
t$8L
|$@H
t$ H
ffffff.
ffff.
ATU1
([]A\A]
ffff.
AUATUSH
otD@
-ukH
otZ@
[]A\A]
T$01
T$0H
D$ H
L$81
L$8H
D$ H
t$ H
ffffff.
ffffff.
fff.
AVAUATUSH
D$TdH
T$ L
\$(H
|$@D
D$HH
T$ L
\$(A
T$TH
t$xH
D$0L
L$8D
T$ L
D$0D
T$ L
L$8L
D$`E
t$`H
T$@H
L$Xv
\$XH
v<L9
T$@D
D$0L
T$ L
D$0L
T$ L
D$0L
T$ L
D$0L
T$ L
L$@H
D$0A
T$ L
D$0L
T$ L
\$(H
t$HD
u_L9
D$TL
|$@H
[]A\A]A^A_
t$xI
d$XH
L$xL
D$`H
D$0L
L$8D
T$ I
L$8D
T$@H
L$@H
T$XH
t$(H
=h< 
%G< 
L$0H
T$(O
T$ H
T$ I9
t$ H
L$0E
T$(H
t$ H
D$<A
\$HH
l$PL
d$XL
l$`L
t$hL
|$pH
ffffff.
D$ H
D$(H
\$HH
l$PL
d$XL
l$`H
fff.
ffff.
D$ H
D$(H
\$@H
l$HL
d$PH
ffff.
|$0H
t$8H
L$8@
T$0H
t$(H
L$8H
T$0L
\$ M
T$(t
\$HH
l$PL
d$XL
l$`L
t$hL
|$pH
\$8H
l$@L
d$HL
l$PL
t$XL
|$`H
L$@H
D$@H
D$(H
D$hH
D$0H
ffff.
L$@H
D$@H
D$(H
D$hH
D$0H
6t)H
D$pH
T$0H
L$8H
D$ H
\$PH
l$XL
d$`H
l$ H
fffff.
l$ L
t$(L
|$0H
Try `%s --help' for more information.
Usage: %s [OPTION]... MODE[,MODE]... FILE...
  or:  %s [OPTION]... OCTAL-MODE FILE...
  or:  %s [OPTION]... --reference=RFILE FILE...
Change the mode of each FILE to MODE.
  -c, --changes           like verbose but report only when a change is made
      --no-preserve-root  do not treat `/' specially (the default)
      --preserve-root     fail to operate recursively on `/'
  -f, --silent, --quiet   suppress most error messages
  -v, --verbose           output a diagnostic for every file processed
      --reference=RFILE   use RFILE's mode instead of MODE values
  -R, --recursive         change files and directories recursively
      --help     display this help and exit
      --version  output version information and exit
Each MODE is of the form `[ugoa]*([-+=]([rwxXst]*|[ugo]))+'.
%s home page: <http://www.gnu.org/software/%s/>
General help using GNU software: <http://www.gnu.org/gethelp/>
Report %s translation bugs to <http://translationproject.org/team/>
For complete documentation, run: info coreutils '%s invocation'
Rcfvr::w::x::X::s::t::u::g::o::a::,::+::=::
cannot combine mode and --reference options
failed to get attributes of %s
cannot operate on dangling symlink %s
WARNING: Circular directory structure.
This almost certainly means that you have a corrupted file system.
NOTIFY YOUR SYSTEM MANAGER.
The following directory is part of the cycle:
  %s
it is dangerous to operate recursively on %s
it is dangerous to operate recursively on %s (same as %s)
use --no-preserve-root to override this failsafe
failed to change mode of %s to %04lo (%s)
%s: new permissions are %s, not %s
neither symbolic link %s nor referent has been changed
mode of %s changed to %04lo (%s)
mode of %s retained as %04lo (%s)
Report %s bugs to %s
bug-coreutils@gnu.org
GNU coreutils
/usr/share/locale
Jim Meyering
David MacKenzie
chmod
missing operand
missing operand after %s
invalid mode: %s
fts_read failed
cannot access %s
cannot read directory %s
changing permissions of %s
getting new attributes of %s
fts_close failed
changes
recursive
no-preserve-root
quiet
reference
silent
verbose
help
version
A NULL argv[0] was passed through an exec system call.
/.libs/
Report bugs to: %s
%s (%s) %s
%s %s
Written by %s.
Written by %s and %s.
Written by %s, %s, and %s.
License GPLv3+: GNU GPL version 3 or later <http://gnu.org/licenses/gpl.html>.
This is free software: you are free to change and redistribute it.
There is NO WARRANTY, to the extent permitted by law.
Written by %s, %s, %s,
and %s.
Written by %s, %s, %s,
%s, and %s.
Written by %s, %s, %s,
%s, %s, and %s.
Written by %s, %s, %s,
%s, %s, %s, and %s.
Written by %s, %s, %s,
%s, %s, %s, %s,
and %s.
Written by %s, %s, %s,
%s, %s, %s, %s,
%s, and %s.
Written by %s, %s, %s,
%s, %s, %s, %s,
%s, %s, and others.
Copyright %s %d Free Software Foundation, Inc.
write error
%s: %s
# entries:         %lu
# buckets:         %lu
max bucket length: %lu
# buckets used:    %lu (%.2f%%)
=fff?
literal
shell
shell-always
c-maybe
escape
clocale
xfts.c
(*__errno_location ()) != 22
xfts_open
memory exhausted
cycle-check.c
state->magic == 9827862
cycle_check
__gmon_start__
libc.so.6
strcpy
__printf_chk
readdir
setlocale
mbrtowc
optind
strrchr
dcgettext
closedir
fchdir
error
__stack_chk_fail
__lxstat
iswprint
realloc
fstatfs
abort
_exit
program_invocation_name
__assert_fail
__ctype_get_mb_cur_max
fts_close
calloc
strlen
memset
__errno_location
fchmodat
__fprintf_chk
fts_read
memcpy
fclose
malloc
umask
fdopendir
mbsinit
__ctype_b_loc
fts_set
optarg
stderr
getopt_long
__fxstat
fwrite
__fpending
program_invocation_short_name
qsort
fts_open
fcntl
openat
__xstat
memmove
bindtextdomain
__fxstatat
fts_children
__libc_start_main
dirfd
fputs_unlocked
free
__progname
__progname_full
__cxa_atexit
exit_failure
version_etc_copyright
close_stdout
program_name
Version
GLIBC_2.3
GLIBC_2.4
GLIBC_2.3.4
GLIBC_2.2.5
/lib64/ld-linux-x86-64.so.2
chmod.debug
.shstrtab
.interp
.note.ABI-tag
.note.gnu.build-id
.gnu.hash
.dynsym
.dynstr
.gnu.version
.gnu.version_r
.rela.dyn
.rela.plt
.init
.text
.fini
.rodata
.eh_frame_hdr
.eh_frame
.ctors
.dtors
.jcr
.data.rel.ro
.dynamic
.got
.got.plt
.data
.bss
.gnu_debuglink
.gnu.liblist
.gnu.conflict
.gnu.prelink_undo
